09/06/2021 12:01:54 org.apache.catalina.core.AprLifecycleListener init
INFO: The APR based Apache Tomcat Native library which allows optimal performance in production environments was not found on the java.library.path: C:\Program Files (x86)\Java\jdk1.6.0_18\bin;.;C:\Windows\Sun\Java\bin;C:\Windows\system32;C:\Windows;C:\Program Files (x86)\Common Files\Oracle\Java\javapath;C:\Program Files\Java\jdk1.7.0_71\bin;C:\Program Files\Git\cmd;C:\Users\Sec.Obras\AppData\Local\Programs\Git\cmd
09/06/2021 12:01:54 org.apache.coyote.http11.Http11Protocol init
INFO: Initializing Coyote HTTP/1.1 on http-8082
09/06/2021 12:01:54 org.apache.catalina.startup.Catalina load
INFO: Initialization processed in 616 ms
09/06/2021 12:01:54 org.apache.catalina.core.StandardService start
INFO: Starting service Catalina
09/06/2021 12:01:54 org.apache.catalina.core.StandardEngine start
INFO: Starting Servlet Engine: Apache Tomcat/6.0.33
09/06/2021 12:01:54 org.apache.catalina.startup.HostConfig deployDirectory
INFO: Deploying web application directory docs
09/06/2021 12:01:54 org.apache.catalina.startup.HostConfig deployDirectory
INFO: Deploying web application directory examples
09/06/2021 12:01:54 org.apache.catalina.startup.HostConfig deployDirectory
INFO: Deploying web application directory host-manager
09/06/2021 12:01:54 org.apache.catalina.startup.HostConfig deployDirectory
INFO: Deploying web application directory manager
09/06/2021 12:01:54 org.apache.catalina.startup.HostConfig deployDirectory
INFO: Deploying web application directory ROOT
09/06/2021 12:01:54 org.apache.coyote.http11.Http11Protocol start
INFO: Starting Coyote HTTP/1.1 on http-8082
09/06/2021 12:01:54 org.apache.jk.common.ChannelSocket init
INFO: JK: ajp13 listening on /0.0.0.0:8009
09/06/2021 12:01:54 org.apache.jk.server.JkMain start
INFO: Jk running ID=0 time=0/16  config=null
09/06/2021 12:01:54 org.apache.catalina.startup.Catalina start
INFO: Server startup in 471 ms
09/06/2021 12:02:05 org.apache.catalina.startup.HostConfig deployDescriptor
INFO: Deploying configuration descriptor JSF.xml
09/06/2021 12:02:05 com.sun.faces.config.ConfigureListener contextInitialized
INFO: Inicializando Mojarra 2.0.2 (FCS b10) para o contexto '/JSF'
09/06/2021 12:02:06 org.apache.catalina.core.StandardContext start
INFO: Container org.apache.catalina.core.ContainerBase.[Catalina].[localhost].[/JSF] has already been started
09/06/2021 12:07:07 org.apache.catalina.core.StandardContext reload
INFO: Reloading Context with name [/JSF] has started
09/06/2021 12:07:07 com.sun.faces.config.ConfigureListener contextInitialized
INFO: Inicializando Mojarra 2.0.2 (FCS b10) para o contexto '/JSF'
09/06/2021 12:07:08 org.apache.catalina.core.StandardContext reload
INFO: Reloading Context with name [/JSF] has started
09/06/2021 12:07:09 com.sun.faces.config.ConfigureListener contextInitialized
INFO: Inicializando Mojarra 2.0.2 (FCS b10) para o contexto '/JSF'
