14/06/2021 14:05:52 org.apache.catalina.core.AprLifecycleListener init
INFO: The APR based Apache Tomcat Native library which allows optimal performance in production environments was not found on the java.library.path: C:\Program Files (x86)\Java\jdk1.6.0_18\bin;.;C:\Windows\Sun\Java\bin;C:\Windows\system32;C:\Windows;C:\Program Files (x86)\Common Files\Oracle\Java\javapath;C:\Program Files\Java\jdk1.7.0_71\bin;C:\Program Files\Git\cmd;C:\Users\Sec.Obras\AppData\Local\Programs\Git\cmd
14/06/2021 14:05:53 org.apache.coyote.http11.Http11Protocol init
INFO: Initializing Coyote HTTP/1.1 on http-8082
14/06/2021 14:05:53 org.apache.catalina.startup.Catalina load
INFO: Initialization processed in 1382 ms
14/06/2021 14:05:53 org.apache.catalina.core.StandardService start
INFO: Starting service Catalina
14/06/2021 14:05:53 org.apache.catalina.core.StandardEngine start
INFO: Starting Servlet Engine: Apache Tomcat/6.0.33
14/06/2021 14:05:53 org.apache.catalina.startup.HostConfig deployDescriptor
INFO: Deploying configuration descriptor host-manager.xml
14/06/2021 14:05:54 org.apache.catalina.startup.HostConfig deployDescriptor
INFO: Deploying configuration descriptor JSF.xml
14/06/2021 14:05:56 com.sun.faces.config.ConfigureListener contextInitialized
INFO: Inicializando Mojarra 2.0.2 (FCS b10) para o contexto '/JSF'
14/06/2021 14:05:58 com.sun.faces.config.ConfigureListener$WebConfigResourceMonitor$Monitor <init>
INFO: Monitoring jndi:/localhost/JSF/WEB-INF/faces-config.xml for modifications
14/06/2021 14:05:58 org.apache.catalina.startup.HostConfig deployDescriptor
INFO: Deploying configuration descriptor manager.xml
14/06/2021 14:05:59 org.apache.catalina.startup.HostConfig deployDirectory
INFO: Deploying web application directory docs
14/06/2021 14:05:59 org.apache.catalina.startup.HostConfig deployDirectory
INFO: Deploying web application directory examples
14/06/2021 14:05:59 org.apache.catalina.startup.HostConfig deployDirectory
INFO: Deploying web application directory ROOT
14/06/2021 14:05:59 org.apache.coyote.http11.Http11Protocol start
INFO: Starting Coyote HTTP/1.1 on http-8082
14/06/2021 14:05:59 org.apache.jk.common.ChannelSocket init
INFO: JK: ajp13 listening on /0.0.0.0:8009
14/06/2021 14:05:59 org.apache.jk.server.JkMain start
INFO: Jk running ID=0 time=0/46  config=null
14/06/2021 14:05:59 org.apache.catalina.startup.Catalina start
INFO: Server startup in 6526 ms
14/06/2021 14:06:00 org.apache.catalina.loader.WebappClassLoader clearReferencesJdbc
SEVERE: The web application [/JSF] registered the JDBC driver [org.postgresql.Driver] but failed to unregister it when the web application was stopped. To prevent a memory leak, the JDBC Driver has been forcibly unregistered.
14/06/2021 14:06:01 com.sun.faces.config.ConfigureListener contextInitialized
INFO: Inicializando Mojarra 2.0.2 (FCS b10) para o contexto '/JSF'
14/06/2021 14:06:02 com.sun.faces.config.ConfigureListener$WebConfigResourceMonitor$Monitor <init>
INFO: Monitoring jndi:/localhost/JSF/WEB-INF/faces-config.xml for modifications
14/06/2021 14:26:36 org.apache.catalina.core.StandardContext reload
INFO: Reloading Context with name [/JSF] has started
14/06/2021 14:26:36 org.apache.catalina.loader.WebappClassLoader clearReferencesThreads
SEVERE: The web application [/JSF] appears to have started a thread named [Mojarra-WebResourceMonitor-1-thread-1] but has failed to stop it. This is very likely to create a memory leak.
14/06/2021 14:26:38 com.sun.faces.config.ConfigureListener contextInitialized
INFO: Inicializando Mojarra 2.0.2 (FCS b10) para o contexto '/JSF'
14/06/2021 14:26:38 com.sun.faces.config.ConfigureListener$WebConfigResourceMonitor$Monitor <init>
INFO: Monitoring jndi:/localhost/JSF/WEB-INF/faces-config.xml for modifications
14/06/2021 14:30:02 org.apache.catalina.core.StandardContext reload
INFO: Reloading Context with name [/JSF] has started
14/06/2021 14:30:03 com.sun.faces.config.ConfigureListener contextInitialized
INFO: Inicializando Mojarra 2.0.2 (FCS b10) para o contexto '/JSF'
14/06/2021 14:30:04 com.sun.faces.config.ConfigureListener$WebConfigResourceMonitor$Monitor <init>
INFO: Monitoring jndi:/localhost/JSF/WEB-INF/faces-config.xml for modifications
14/06/2021 14:33:15 org.apache.catalina.core.StandardContext reload
INFO: Reloading Context with name [/JSF] has started
14/06/2021 14:33:16 com.sun.faces.config.ConfigureListener contextInitialized
INFO: Inicializando Mojarra 2.0.2 (FCS b10) para o contexto '/JSF'
14/06/2021 14:33:17 com.sun.faces.config.ConfigureListener$WebConfigResourceMonitor$Monitor <init>
INFO: Monitoring jndi:/localhost/JSF/WEB-INF/faces-config.xml for modifications
14/06/2021 14:37:16 org.apache.catalina.core.StandardContext reload
INFO: Reloading Context with name [/JSF] has started
14/06/2021 14:37:16 org.apache.catalina.loader.WebappClassLoader clearReferencesThreads
SEVERE: The web application [/JSF] appears to have started a thread named [Mojarra-WebResourceMonitor-1-thread-1] but has failed to stop it. This is very likely to create a memory leak.
14/06/2021 14:37:17 com.sun.faces.config.ConfigureListener contextInitialized
INFO: Inicializando Mojarra 2.0.2 (FCS b10) para o contexto '/JSF'
14/06/2021 14:37:17 com.sun.faces.config.ConfigureListener$WebConfigResourceMonitor$Monitor <init>
INFO: Monitoring jndi:/localhost/JSF/WEB-INF/faces-config.xml for modifications
14/06/2021 14:37:17 org.apache.catalina.core.StandardContext reload
INFO: Reloading Context with name [/JSF] has started
14/06/2021 14:37:18 com.sun.faces.config.ConfigureListener contextInitialized
INFO: Inicializando Mojarra 2.0.2 (FCS b10) para o contexto '/JSF'
14/06/2021 14:37:19 com.sun.faces.config.ConfigureListener$WebConfigResourceMonitor$Monitor <init>
INFO: Monitoring jndi:/localhost/JSF/WEB-INF/faces-config.xml for modifications
14/06/2021 14:40:05 org.apache.catalina.core.StandardContext reload
INFO: Reloading Context with name [/JSF] has started
14/06/2021 14:40:06 com.sun.faces.config.ConfigureListener contextInitialized
INFO: Inicializando Mojarra 2.0.2 (FCS b10) para o contexto '/JSF'
14/06/2021 14:40:06 com.sun.faces.config.ConfigureListener$WebConfigResourceMonitor$Monitor <init>
INFO: Monitoring jndi:/localhost/JSF/WEB-INF/faces-config.xml for modifications
