11/06/2021 14:24:24 org.apache.catalina.core.AprLifecycleListener init
INFO: The APR based Apache Tomcat Native library which allows optimal performance in production environments was not found on the java.library.path: C:\Program Files (x86)\Java\jdk1.6.0_18\bin;.;C:\Windows\Sun\Java\bin;C:\Windows\system32;C:\Windows;C:\Program Files (x86)\Common Files\Oracle\Java\javapath;C:\Program Files\Java\jdk1.7.0_71\bin;C:\Program Files\Git\cmd;C:\Users\Sec.Obras\AppData\Local\Programs\Git\cmd
11/06/2021 14:24:25 org.apache.coyote.http11.Http11Protocol init
INFO: Initializing Coyote HTTP/1.1 on http-8082
11/06/2021 14:24:25 org.apache.catalina.startup.Catalina load
INFO: Initialization processed in 2001 ms
11/06/2021 14:24:25 org.apache.catalina.core.StandardService start
INFO: Starting service Catalina
11/06/2021 14:24:25 org.apache.catalina.core.StandardEngine start
INFO: Starting Servlet Engine: Apache Tomcat/6.0.33
11/06/2021 14:24:25 org.apache.catalina.startup.HostConfig deployDescriptor
INFO: Deploying configuration descriptor host-manager.xml
11/06/2021 14:24:26 org.apache.catalina.startup.HostConfig deployDescriptor
INFO: Deploying configuration descriptor JSF.xml
11/06/2021 14:24:28 com.sun.faces.config.ConfigureListener contextInitialized
INFO: Inicializando Mojarra 2.0.2 (FCS b10) para o contexto '/JSF'
11/06/2021 14:24:30 com.sun.faces.config.ConfigureListener$WebConfigResourceMonitor$Monitor <init>
INFO: Monitoring jndi:/localhost/JSF/WEB-INF/faces-config.xml for modifications
11/06/2021 14:24:31 org.apache.catalina.startup.HostConfig deployDescriptor
INFO: Deploying configuration descriptor manager.xml
11/06/2021 14:24:31 org.apache.catalina.startup.HostConfig deployDirectory
INFO: Deploying web application directory docs
11/06/2021 14:24:31 org.apache.catalina.startup.HostConfig deployDirectory
INFO: Deploying web application directory examples
11/06/2021 14:24:32 org.apache.catalina.startup.HostConfig deployDirectory
INFO: Deploying web application directory ROOT
11/06/2021 14:24:32 org.apache.coyote.http11.Http11Protocol start
INFO: Starting Coyote HTTP/1.1 on http-8082
11/06/2021 14:24:32 org.apache.jk.common.ChannelSocket init
INFO: JK: ajp13 listening on /0.0.0.0:8009
11/06/2021 14:24:32 org.apache.jk.server.JkMain start
INFO: Jk running ID=0 time=0/40  config=null
11/06/2021 14:24:32 org.apache.catalina.startup.Catalina start
INFO: Server startup in 6495 ms
11/06/2021 14:26:35 com.sun.faces.config.ConfigureListener contextInitialized
INFO: Inicializando Mojarra 2.0.2 (FCS b10) para o contexto '/JSF'
11/06/2021 14:26:36 com.sun.faces.config.ConfigureListener$WebConfigResourceMonitor$Monitor <init>
INFO: Monitoring jndi:/localhost/JSF/WEB-INF/faces-config.xml for modifications
11/06/2021 14:26:42 org.apache.catalina.startup.HostConfig checkResources
INFO: Reloading context [/JSF]
11/06/2021 14:26:42 com.sun.faces.config.ConfigureListener contextInitialized
INFO: Inicializando Mojarra 2.0.2 (FCS b10) para o contexto '/JSF'
11/06/2021 14:26:43 com.sun.faces.config.ConfigureListener$WebConfigResourceMonitor$Monitor <init>
INFO: Monitoring jndi:/localhost/JSF/WEB-INF/faces-config.xml for modifications
11/06/2021 14:26:58 com.sun.faces.config.ConfigureListener contextInitialized
INFO: Inicializando Mojarra 2.0.2 (FCS b10) para o contexto '/JSF'
11/06/2021 14:26:59 com.sun.faces.config.ConfigureListener$WebConfigResourceMonitor$Monitor <init>
INFO: Monitoring jndi:/localhost/JSF/WEB-INF/faces-config.xml for modifications
11/06/2021 14:27:50 com.sun.faces.config.ConfigureListener contextInitialized
INFO: Inicializando Mojarra 2.0.2 (FCS b10) para o contexto '/JSF'
11/06/2021 14:27:50 com.sun.faces.config.ConfigureListener$WebConfigResourceMonitor$Monitor <init>
INFO: Monitoring jndi:/localhost/JSF/WEB-INF/faces-config.xml for modifications
11/06/2021 14:27:53 org.apache.catalina.startup.HostConfig checkResources
INFO: Reloading context [/JSF]
11/06/2021 14:27:53 org.apache.catalina.loader.WebappClassLoader clearReferencesThreads
SEVERE: The web application [/JSF] appears to have started a thread named [Mojarra-WebResourceMonitor-1-thread-1] but has failed to stop it. This is very likely to create a memory leak.
11/06/2021 14:27:54 com.sun.faces.config.ConfigureListener contextInitialized
INFO: Inicializando Mojarra 2.0.2 (FCS b10) para o contexto '/JSF'
11/06/2021 14:27:54 com.sun.faces.config.ConfigureListener$WebConfigResourceMonitor$Monitor <init>
INFO: Monitoring jndi:/localhost/JSF/WEB-INF/faces-config.xml for modifications
11/06/2021 14:43:02 com.sun.faces.config.ConfigureListener contextInitialized
INFO: Inicializando Mojarra 2.0.2 (FCS b10) para o contexto '/JSF'
11/06/2021 14:43:03 com.sun.faces.config.ConfigureListener$WebConfigResourceMonitor$Monitor <init>
INFO: Monitoring jndi:/localhost/JSF/WEB-INF/faces-config.xml for modifications
11/06/2021 14:43:12 com.sun.faces.config.ConfigureListener contextInitialized
INFO: Inicializando Mojarra 2.0.2 (FCS b10) para o contexto '/JSF'
11/06/2021 14:43:12 com.sun.faces.config.ConfigureListener$WebConfigResourceMonitor$Monitor <init>
INFO: Monitoring jndi:/localhost/JSF/WEB-INF/faces-config.xml for modifications
11/06/2021 16:14:24 org.apache.catalina.core.StandardContext reload
INFO: Reloading Context with name [/JSF] has started
11/06/2021 16:14:29 com.sun.faces.config.ConfigureListener contextInitialized
INFO: Inicializando Mojarra 2.0.2 (FCS b10) para o contexto '/JSF'
11/06/2021 16:14:32 com.sun.faces.config.ConfigureListener$WebConfigResourceMonitor$Monitor <init>
INFO: Monitoring jndi:/localhost/JSF/WEB-INF/faces-config.xml for modifications
11/06/2021 16:14:32 org.apache.catalina.session.StandardManager doLoad
SEVERE: IOException while loading persisted sessions: java.io.InvalidClassException: Pjsf.PessoaBean; local class incompatible: stream classdesc serialVersionUID = 5428435034315648101, local class serialVersionUID = 6406970587931836601
java.io.InvalidClassException: Pjsf.PessoaBean; local class incompatible: stream classdesc serialVersionUID = 5428435034315648101, local class serialVersionUID = 6406970587931836601
	at java.io.ObjectStreamClass.initNonProxy(ObjectStreamClass.java:562)
	at java.io.ObjectInputStream.readNonProxyDesc(ObjectInputStream.java:1583)
	at java.io.ObjectInputStream.readClassDesc(ObjectInputStream.java:1496)
	at java.io.ObjectInputStream.readOrdinaryObject(ObjectInputStream.java:1732)
	at java.io.ObjectInputStream.readObject0(ObjectInputStream.java:1329)
	at java.io.ObjectInputStream.readObject(ObjectInputStream.java:351)
	at java.util.HashMap.readObject(HashMap.java:1030)
	at sun.reflect.NativeMethodAccessorImpl.invoke0(Native Method)
	at sun.reflect.NativeMethodAccessorImpl.invoke(NativeMethodAccessorImpl.java:39)
	at sun.reflect.DelegatingMethodAccessorImpl.invoke(DelegatingMethodAccessorImpl.java:25)
	at java.lang.reflect.Method.invoke(Method.java:597)
	at java.io.ObjectStreamClass.invokeReadObject(ObjectStreamClass.java:974)
	at java.io.ObjectInputStream.readSerialData(ObjectInputStream.java:1849)
	at java.io.ObjectInputStream.readOrdinaryObject(ObjectInputStream.java:1753)
	at java.io.ObjectInputStream.readObject0(ObjectInputStream.java:1329)
	at java.io.ObjectInputStream.defaultReadFields(ObjectInputStream.java:1947)
	at java.io.ObjectInputStream.readSerialData(ObjectInputStream.java:1871)
	at java.io.ObjectInputStream.readOrdinaryObject(ObjectInputStream.java:1753)
	at java.io.ObjectInputStream.readObject0(ObjectInputStream.java:1329)
	at java.io.ObjectInputStream.readArray(ObjectInputStream.java:1667)
	at java.io.ObjectInputStream.readObject0(ObjectInputStream.java:1323)
	at java.io.ObjectInputStream.readObject(ObjectInputStream.java:351)
	at java.util.HashMap.readObject(HashMap.java:1030)
	at sun.reflect.NativeMethodAccessorImpl.invoke0(Native Method)
	at sun.reflect.NativeMethodAccessorImpl.invoke(NativeMethodAccessorImpl.java:39)
	at sun.reflect.DelegatingMethodAccessorImpl.invoke(DelegatingMethodAccessorImpl.java:25)
	at java.lang.reflect.Method.invoke(Method.java:597)
	at java.io.ObjectStreamClass.invokeReadObject(ObjectStreamClass.java:974)
	at java.io.ObjectInputStream.readSerialData(ObjectInputStream.java:1849)
	at java.io.ObjectInputStream.readOrdinaryObject(ObjectInputStream.java:1753)
	at java.io.ObjectInputStream.readObject0(ObjectInputStream.java:1329)
	at java.io.ObjectInputStream.readArray(ObjectInputStream.java:1667)
	at java.io.ObjectInputStream.readObject0(ObjectInputStream.java:1323)
	at java.io.ObjectInputStream.readObject(ObjectInputStream.java:351)
	at java.util.HashMap.readObject(HashMap.java:1030)
	at sun.reflect.NativeMethodAccessorImpl.invoke0(Native Method)
	at sun.reflect.NativeMethodAccessorImpl.invoke(NativeMethodAccessorImpl.java:39)
	at sun.reflect.DelegatingMethodAccessorImpl.invoke(DelegatingMethodAccessorImpl.java:25)
	at java.lang.reflect.Method.invoke(Method.java:597)
	at java.io.ObjectStreamClass.invokeReadObject(ObjectStreamClass.java:974)
	at java.io.ObjectInputStream.readSerialData(ObjectInputStream.java:1849)
	at java.io.ObjectInputStream.readOrdinaryObject(ObjectInputStream.java:1753)
	at java.io.ObjectInputStream.readObject0(ObjectInputStream.java:1329)
	at java.io.ObjectInputStream.readObject(ObjectInputStream.java:351)
	at java.util.HashMap.readObject(HashMap.java:1030)
	at sun.reflect.NativeMethodAccessorImpl.invoke0(Native Method)
	at sun.reflect.NativeMethodAccessorImpl.invoke(NativeMethodAccessorImpl.java:39)
	at sun.reflect.DelegatingMethodAccessorImpl.invoke(DelegatingMethodAccessorImpl.java:25)
	at java.lang.reflect.Method.invoke(Method.java:597)
	at java.io.ObjectStreamClass.invokeReadObject(ObjectStreamClass.java:974)
	at java.io.ObjectInputStream.readSerialData(ObjectInputStream.java:1849)
	at java.io.ObjectInputStream.readOrdinaryObject(ObjectInputStream.java:1753)
	at java.io.ObjectInputStream.readObject0(ObjectInputStream.java:1329)
	at java.io.ObjectInputStream.readObject(ObjectInputStream.java:351)
	at org.apache.catalina.session.StandardSession.readObject(StandardSession.java:1496)
	at org.apache.catalina.session.StandardSession.readObjectData(StandardSession.java:998)
	at org.apache.catalina.session.StandardManager.doLoad(StandardManager.java:394)
	at org.apache.catalina.session.StandardManager.load(StandardManager.java:321)
	at org.apache.catalina.session.StandardManager.start(StandardManager.java:648)
	at org.apache.catalina.core.StandardContext.start(StandardContext.java:4714)
	at org.apache.catalina.core.StandardContext.reload(StandardContext.java:3461)
	at org.apache.catalina.manager.ManagerServlet.reload(ManagerServlet.java:943)
	at org.apache.catalina.manager.ManagerServlet.doGet(ManagerServlet.java:361)
	at javax.servlet.http.HttpServlet.service(HttpServlet.java:617)
	at javax.servlet.http.HttpServlet.service(HttpServlet.java:717)
	at org.apache.catalina.core.ApplicationFilterChain.internalDoFilter(ApplicationFilterChain.java:290)
	at org.apache.catalina.core.ApplicationFilterChain.doFilter(ApplicationFilterChain.java:206)
	at org.apache.catalina.core.StandardWrapperValve.invoke(StandardWrapperValve.java:233)
	at org.apache.catalina.core.StandardContextValve.invoke(StandardContextValve.java:191)
	at org.apache.catalina.authenticator.AuthenticatorBase.invoke(AuthenticatorBase.java:563)
	at org.apache.catalina.core.StandardHostValve.invoke(StandardHostValve.java:127)
	at org.apache.catalina.valves.ErrorReportValve.invoke(ErrorReportValve.java:102)
	at org.apache.catalina.core.StandardEngineValve.invoke(StandardEngineValve.java:109)
	at org.apache.catalina.connector.CoyoteAdapter.service(CoyoteAdapter.java:291)
	at org.apache.coyote.http11.Http11Processor.process(Http11Processor.java:859)
	at org.apache.coyote.http11.Http11Protocol$Http11ConnectionHandler.process(Http11Protocol.java:602)
	at org.apache.tomcat.util.net.JIoEndpoint$Worker.run(JIoEndpoint.java:489)
	at java.lang.Thread.run(Thread.java:619)
11/06/2021 16:14:32 org.apache.catalina.session.StandardManager start
SEVERE: Exception loading sessions from persistent storage
java.io.InvalidClassException: Pjsf.PessoaBean; local class incompatible: stream classdesc serialVersionUID = 5428435034315648101, local class serialVersionUID = 6406970587931836601
	at java.io.ObjectStreamClass.initNonProxy(ObjectStreamClass.java:562)
	at java.io.ObjectInputStream.readNonProxyDesc(ObjectInputStream.java:1583)
	at java.io.ObjectInputStream.readClassDesc(ObjectInputStream.java:1496)
	at java.io.ObjectInputStream.readOrdinaryObject(ObjectInputStream.java:1732)
	at java.io.ObjectInputStream.readObject0(ObjectInputStream.java:1329)
	at java.io.ObjectInputStream.readObject(ObjectInputStream.java:351)
	at java.util.HashMap.readObject(HashMap.java:1030)
	at sun.reflect.NativeMethodAccessorImpl.invoke0(Native Method)
	at sun.reflect.NativeMethodAccessorImpl.invoke(NativeMethodAccessorImpl.java:39)
	at sun.reflect.DelegatingMethodAccessorImpl.invoke(DelegatingMethodAccessorImpl.java:25)
	at java.lang.reflect.Method.invoke(Method.java:597)
	at java.io.ObjectStreamClass.invokeReadObject(ObjectStreamClass.java:974)
	at java.io.ObjectInputStream.readSerialData(ObjectInputStream.java:1849)
	at java.io.ObjectInputStream.readOrdinaryObject(ObjectInputStream.java:1753)
	at java.io.ObjectInputStream.readObject0(ObjectInputStream.java:1329)
	at java.io.ObjectInputStream.defaultReadFields(ObjectInputStream.java:1947)
	at java.io.ObjectInputStream.readSerialData(ObjectInputStream.java:1871)
	at java.io.ObjectInputStream.readOrdinaryObject(ObjectInputStream.java:1753)
	at java.io.ObjectInputStream.readObject0(ObjectInputStream.java:1329)
	at java.io.ObjectInputStream.readArray(ObjectInputStream.java:1667)
	at java.io.ObjectInputStream.readObject0(ObjectInputStream.java:1323)
	at java.io.ObjectInputStream.readObject(ObjectInputStream.java:351)
	at java.util.HashMap.readObject(HashMap.java:1030)
	at sun.reflect.NativeMethodAccessorImpl.invoke0(Native Method)
	at sun.reflect.NativeMethodAccessorImpl.invoke(NativeMethodAccessorImpl.java:39)
	at sun.reflect.DelegatingMethodAccessorImpl.invoke(DelegatingMethodAccessorImpl.java:25)
	at java.lang.reflect.Method.invoke(Method.java:597)
	at java.io.ObjectStreamClass.invokeReadObject(ObjectStreamClass.java:974)
	at java.io.ObjectInputStream.readSerialData(ObjectInputStream.java:1849)
	at java.io.ObjectInputStream.readOrdinaryObject(ObjectInputStream.java:1753)
	at java.io.ObjectInputStream.readObject0(ObjectInputStream.java:1329)
	at java.io.ObjectInputStream.readArray(ObjectInputStream.java:1667)
	at java.io.ObjectInputStream.readObject0(ObjectInputStream.java:1323)
	at java.io.ObjectInputStream.readObject(ObjectInputStream.java:351)
	at java.util.HashMap.readObject(HashMap.java:1030)
	at sun.reflect.NativeMethodAccessorImpl.invoke0(Native Method)
	at sun.reflect.NativeMethodAccessorImpl.invoke(NativeMethodAccessorImpl.java:39)
	at sun.reflect.DelegatingMethodAccessorImpl.invoke(DelegatingMethodAccessorImpl.java:25)
	at java.lang.reflect.Method.invoke(Method.java:597)
	at java.io.ObjectStreamClass.invokeReadObject(ObjectStreamClass.java:974)
	at java.io.ObjectInputStream.readSerialData(ObjectInputStream.java:1849)
	at java.io.ObjectInputStream.readOrdinaryObject(ObjectInputStream.java:1753)
	at java.io.ObjectInputStream.readObject0(ObjectInputStream.java:1329)
	at java.io.ObjectInputStream.readObject(ObjectInputStream.java:351)
	at java.util.HashMap.readObject(HashMap.java:1030)
	at sun.reflect.NativeMethodAccessorImpl.invoke0(Native Method)
	at sun.reflect.NativeMethodAccessorImpl.invoke(NativeMethodAccessorImpl.java:39)
	at sun.reflect.DelegatingMethodAccessorImpl.invoke(DelegatingMethodAccessorImpl.java:25)
	at java.lang.reflect.Method.invoke(Method.java:597)
	at java.io.ObjectStreamClass.invokeReadObject(ObjectStreamClass.java:974)
	at java.io.ObjectInputStream.readSerialData(ObjectInputStream.java:1849)
	at java.io.ObjectInputStream.readOrdinaryObject(ObjectInputStream.java:1753)
	at java.io.ObjectInputStream.readObject0(ObjectInputStream.java:1329)
	at java.io.ObjectInputStream.readObject(ObjectInputStream.java:351)
	at org.apache.catalina.session.StandardSession.readObject(StandardSession.java:1496)
	at org.apache.catalina.session.StandardSession.readObjectData(StandardSession.java:998)
	at org.apache.catalina.session.StandardManager.doLoad(StandardManager.java:394)
	at org.apache.catalina.session.StandardManager.load(StandardManager.java:321)
	at org.apache.catalina.session.StandardManager.start(StandardManager.java:648)
	at org.apache.catalina.core.StandardContext.start(StandardContext.java:4714)
	at org.apache.catalina.core.StandardContext.reload(StandardContext.java:3461)
	at org.apache.catalina.manager.ManagerServlet.reload(ManagerServlet.java:943)
	at org.apache.catalina.manager.ManagerServlet.doGet(ManagerServlet.java:361)
	at javax.servlet.http.HttpServlet.service(HttpServlet.java:617)
	at javax.servlet.http.HttpServlet.service(HttpServlet.java:717)
	at org.apache.catalina.core.ApplicationFilterChain.internalDoFilter(ApplicationFilterChain.java:290)
	at org.apache.catalina.core.ApplicationFilterChain.doFilter(ApplicationFilterChain.java:206)
	at org.apache.catalina.core.StandardWrapperValve.invoke(StandardWrapperValve.java:233)
	at org.apache.catalina.core.StandardContextValve.invoke(StandardContextValve.java:191)
	at org.apache.catalina.authenticator.AuthenticatorBase.invoke(AuthenticatorBase.java:563)
	at org.apache.catalina.core.StandardHostValve.invoke(StandardHostValve.java:127)
	at org.apache.catalina.valves.ErrorReportValve.invoke(ErrorReportValve.java:102)
	at org.apache.catalina.core.StandardEngineValve.invoke(StandardEngineValve.java:109)
	at org.apache.catalina.connector.CoyoteAdapter.service(CoyoteAdapter.java:291)
	at org.apache.coyote.http11.Http11Processor.process(Http11Processor.java:859)
	at org.apache.coyote.http11.Http11Protocol$Http11ConnectionHandler.process(Http11Protocol.java:602)
	at org.apache.tomcat.util.net.JIoEndpoint$Worker.run(JIoEndpoint.java:489)
	at java.lang.Thread.run(Thread.java:619)
11/06/2021 16:25:35 org.apache.catalina.core.StandardContext reload
INFO: Reloading Context with name [/JSF] has started
11/06/2021 16:25:36 com.sun.faces.config.ConfigureListener contextInitialized
INFO: Inicializando Mojarra 2.0.2 (FCS b10) para o contexto '/JSF'
11/06/2021 16:25:36 com.sun.faces.config.ConfigureListener$WebConfigResourceMonitor$Monitor <init>
INFO: Monitoring jndi:/localhost/JSF/WEB-INF/faces-config.xml for modifications
11/06/2021 16:51:39 org.apache.coyote.http11.Http11Protocol pause
INFO: Pausing Coyote HTTP/1.1 on http-8082
11/06/2021 16:51:40 org.apache.catalina.core.StandardService stop
INFO: Stopping service Catalina
11/06/2021 16:51:41 org.apache.coyote.http11.Http11Protocol destroy
INFO: Stopping Coyote HTTP/1.1 on http-8082
