16/06/2021 10:30:04 org.apache.catalina.core.ApplicationContext log
INFO: ContextListener: contextInitialized()
16/06/2021 10:30:04 org.apache.catalina.core.ApplicationContext log
INFO: SessionListener: contextInitialized()
16/06/2021 10:33:07 org.apache.catalina.core.ApplicationContext log
INFO: SessionListener: contextDestroyed()
16/06/2021 10:33:07 org.apache.catalina.core.ApplicationContext log
INFO: ContextListener: contextDestroyed()
16/06/2021 10:33:14 org.apache.catalina.core.ApplicationContext log
INFO: ContextListener: contextInitialized()
16/06/2021 10:33:14 org.apache.catalina.core.ApplicationContext log
INFO: SessionListener: contextInitialized()
16/06/2021 10:39:23 org.apache.catalina.core.ApplicationContext log
INFO: SessionListener: contextDestroyed()
16/06/2021 10:39:23 org.apache.catalina.core.ApplicationContext log
INFO: ContextListener: contextDestroyed()
16/06/2021 10:39:31 org.apache.catalina.core.ApplicationContext log
INFO: ContextListener: contextInitialized()
16/06/2021 10:39:31 org.apache.catalina.core.ApplicationContext log
INFO: SessionListener: contextInitialized()
16/06/2021 10:44:32 org.apache.catalina.core.ApplicationContext log
INFO: SessionListener: contextDestroyed()
16/06/2021 10:44:32 org.apache.catalina.core.ApplicationContext log
INFO: ContextListener: contextDestroyed()
16/06/2021 10:44:38 org.apache.catalina.core.ApplicationContext log
INFO: ContextListener: contextInitialized()
16/06/2021 10:44:38 org.apache.catalina.core.ApplicationContext log
INFO: SessionListener: contextInitialized()
16/06/2021 10:49:22 org.apache.catalina.core.ApplicationContext log
INFO: SessionListener: contextDestroyed()
16/06/2021 10:49:22 org.apache.catalina.core.ApplicationContext log
INFO: ContextListener: contextDestroyed()
16/06/2021 10:50:09 org.apache.catalina.core.ApplicationContext log
INFO: ContextListener: contextInitialized()
16/06/2021 10:50:09 org.apache.catalina.core.ApplicationContext log
INFO: SessionListener: contextInitialized()
16/06/2021 11:00:51 org.apache.catalina.core.ApplicationContext log
INFO: SessionListener: contextDestroyed()
16/06/2021 11:00:51 org.apache.catalina.core.ApplicationContext log
INFO: ContextListener: contextDestroyed()
16/06/2021 11:08:32 org.apache.catalina.core.ApplicationContext log
INFO: ContextListener: contextInitialized()
16/06/2021 11:08:32 org.apache.catalina.core.ApplicationContext log
INFO: SessionListener: contextInitialized()
16/06/2021 11:09:22 org.apache.catalina.core.ApplicationContext log
INFO: SessionListener: contextDestroyed()
16/06/2021 11:09:22 org.apache.catalina.core.ApplicationContext log
INFO: ContextListener: contextDestroyed()
