10/06/2021 09:26:02 org.apache.catalina.core.ApplicationContext log
INFO: Manager: init: Associated with Deployer 'Catalina:type=Deployer,host=localhost'
10/06/2021 09:26:02 org.apache.catalina.core.ApplicationContext log
INFO: Manager: init: Global resources are available
10/06/2021 09:26:02 org.apache.catalina.core.ApplicationContext log
INFO: Manager: list: Listing contexts for virtual host 'localhost'
10/06/2021 09:26:02 org.apache.catalina.core.ApplicationContext log
INFO: Manager: list: Listing contexts for virtual host 'localhost'
10/06/2021 09:26:02 org.apache.catalina.core.ApplicationContext log
INFO: Manager: stop: Stopping web application at '/JSF'
10/06/2021 09:26:04 org.apache.catalina.core.ApplicationContext log
INFO: Manager: start: Starting web application at '/JSF'
10/06/2021 09:31:22 org.apache.catalina.core.ApplicationContext log
INFO: Manager: list: Listing contexts for virtual host 'localhost'
10/06/2021 09:31:22 org.apache.catalina.core.ApplicationContext log
INFO: Manager: stop: Stopping web application at '/JSF'
10/06/2021 09:31:22 org.apache.catalina.core.ApplicationContext log
INFO: Manager: start: Starting web application at '/JSF'
10/06/2021 09:32:12 org.apache.catalina.core.ApplicationContext log
INFO: Manager: init: Associated with Deployer 'Catalina:type=Deployer,host=localhost'
10/06/2021 09:32:12 org.apache.catalina.core.ApplicationContext log
INFO: Manager: init: Global resources are available
10/06/2021 09:32:12 org.apache.catalina.core.ApplicationContext log
INFO: Manager: list: Listing contexts for virtual host 'localhost'
10/06/2021 09:32:12 org.apache.catalina.core.ApplicationContext log
INFO: Manager: list: Listing contexts for virtual host 'localhost'
10/06/2021 09:32:12 org.apache.catalina.core.ApplicationContext log
INFO: Manager: stop: Stopping web application at '/JSF'
10/06/2021 09:32:12 org.apache.catalina.core.ApplicationContext log
INFO: Manager: start: Starting web application at '/JSF'
10/06/2021 09:32:33 org.apache.catalina.core.ApplicationContext log
INFO: Manager: init: Associated with Deployer 'Catalina:type=Deployer,host=localhost'
10/06/2021 09:32:33 org.apache.catalina.core.ApplicationContext log
INFO: Manager: init: Global resources are available
10/06/2021 09:32:33 org.apache.catalina.core.ApplicationContext log
INFO: Manager: list: Listing contexts for virtual host 'localhost'
10/06/2021 09:32:33 org.apache.catalina.core.ApplicationContext log
INFO: Manager: list: Listing contexts for virtual host 'localhost'
10/06/2021 09:32:33 org.apache.catalina.core.ApplicationContext log
INFO: Manager: stop: Stopping web application at '/JSF'
10/06/2021 09:32:33 org.apache.catalina.core.ApplicationContext log
INFO: Manager: start: Starting web application at '/JSF'
10/06/2021 09:32:54 org.apache.catalina.core.ApplicationContext log
INFO: Manager: list: Listing contexts for virtual host 'localhost'
10/06/2021 09:32:54 org.apache.catalina.core.ApplicationContext log
INFO: Manager: list: Listing contexts for virtual host 'localhost'
10/06/2021 09:32:54 org.apache.catalina.core.ApplicationContext log
INFO: Manager: undeploy: Undeploying web application at '/JSF'
10/06/2021 09:32:54 org.apache.catalina.core.ApplicationContext log
INFO: Manager: install: Installing context configuration at 'file:/C:/Users/SEC~1.OBR/AppData/Local/Temp/context2219040445853481430.xml'
10/06/2021 09:32:55 org.apache.catalina.core.ApplicationContext log
INFO: Manager: start: Starting web application at '/JSF'
10/06/2021 09:32:59 org.apache.catalina.core.ApplicationContext log
INFO: Manager: list: Listing contexts for virtual host 'localhost'
10/06/2021 09:32:59 org.apache.catalina.core.ApplicationContext log
INFO: Manager: list: Listing contexts for virtual host 'localhost'
10/06/2021 09:32:59 org.apache.catalina.core.ApplicationContext log
INFO: Manager: stop: Stopping web application at '/JSF'
10/06/2021 09:33:00 org.apache.catalina.core.ApplicationContext log
INFO: Manager: start: Starting web application at '/JSF'
10/06/2021 09:34:04 org.apache.catalina.core.ApplicationContext log
INFO: Manager: list: Listing contexts for virtual host 'localhost'
10/06/2021 09:34:04 org.apache.catalina.core.ApplicationContext log
INFO: Manager: stop: Stopping web application at '/JSF'
10/06/2021 09:34:04 org.apache.catalina.core.ApplicationContext log
INFO: Manager: start: Starting web application at '/JSF'
10/06/2021 09:34:07 org.apache.catalina.core.ApplicationContext log
INFO: Manager: list: Listing contexts for virtual host 'localhost'
10/06/2021 09:34:07 org.apache.catalina.core.ApplicationContext log
INFO: Manager: list: Listing contexts for virtual host 'localhost'
10/06/2021 09:34:07 org.apache.catalina.core.ApplicationContext log
INFO: Manager: stop: Stopping web application at '/JSF'
10/06/2021 09:34:07 org.apache.catalina.core.ApplicationContext log
INFO: Manager: start: Starting web application at '/JSF'
10/06/2021 09:35:09 org.apache.catalina.core.ApplicationContext log
INFO: Manager: list: Listing contexts for virtual host 'localhost'
10/06/2021 09:35:09 org.apache.catalina.core.ApplicationContext log
INFO: Manager: list: Listing contexts for virtual host 'localhost'
10/06/2021 09:35:25 org.apache.catalina.core.ApplicationContext log
INFO: Manager: list: Listing contexts for virtual host 'localhost'
10/06/2021 09:35:25 org.apache.catalina.core.ApplicationContext log
INFO: Manager: stop: Stopping web application at '/JSF'
10/06/2021 09:35:25 org.apache.catalina.core.ApplicationContext log
INFO: Manager: start: Starting web application at '/JSF'
10/06/2021 09:35:28 org.apache.catalina.core.ApplicationContext log
INFO: Manager: list: Listing contexts for virtual host 'localhost'
10/06/2021 09:35:28 org.apache.catalina.core.ApplicationContext log
INFO: Manager: list: Listing contexts for virtual host 'localhost'
10/06/2021 09:35:28 org.apache.catalina.core.ApplicationContext log
INFO: Manager: stop: Stopping web application at '/JSF'
10/06/2021 09:35:28 org.apache.catalina.core.ApplicationContext log
INFO: Manager: start: Starting web application at '/JSF'
10/06/2021 09:36:05 org.apache.catalina.core.ApplicationContext log
INFO: Manager: list: Listing contexts for virtual host 'localhost'
10/06/2021 09:36:05 org.apache.catalina.core.ApplicationContext log
INFO: Manager: stop: Stopping web application at '/JSF'
10/06/2021 09:36:05 org.apache.catalina.core.ApplicationContext log
INFO: Manager: start: Starting web application at '/JSF'
10/06/2021 09:36:12 org.apache.catalina.core.ApplicationContext log
INFO: Manager: list: Listing contexts for virtual host 'localhost'
10/06/2021 09:36:12 org.apache.catalina.core.ApplicationContext log
INFO: Manager: list: Listing contexts for virtual host 'localhost'
10/06/2021 09:36:12 org.apache.catalina.core.ApplicationContext log
INFO: Manager: stop: Stopping web application at '/JSF'
10/06/2021 09:36:12 org.apache.catalina.core.ApplicationContext log
INFO: Manager: start: Starting web application at '/JSF'
10/06/2021 09:39:25 org.apache.catalina.core.ApplicationContext log
INFO: Manager: list: Listing contexts for virtual host 'localhost'
10/06/2021 09:39:25 org.apache.catalina.core.ApplicationContext log
INFO: Manager: list: Listing contexts for virtual host 'localhost'
10/06/2021 09:45:09 org.apache.catalina.core.ApplicationContext log
INFO: Manager: list: Listing contexts for virtual host 'localhost'
10/06/2021 09:45:09 org.apache.catalina.core.ApplicationContext log
INFO: Manager: stop: Stopping web application at '/JSF'
10/06/2021 09:45:09 org.apache.catalina.core.ApplicationContext log
INFO: Manager: start: Starting web application at '/JSF'
10/06/2021 09:45:13 org.apache.catalina.core.ApplicationContext log
INFO: Manager: list: Listing contexts for virtual host 'localhost'
10/06/2021 09:45:13 org.apache.catalina.core.ApplicationContext log
INFO: Manager: list: Listing contexts for virtual host 'localhost'
10/06/2021 09:45:13 org.apache.catalina.core.ApplicationContext log
INFO: Manager: stop: Stopping web application at '/JSF'
10/06/2021 09:45:13 org.apache.catalina.core.ApplicationContext log
INFO: Manager: start: Starting web application at '/JSF'
10/06/2021 09:45:47 org.apache.catalina.core.ApplicationContext log
INFO: Manager: list: Listing contexts for virtual host 'localhost'
10/06/2021 09:45:47 org.apache.catalina.core.ApplicationContext log
INFO: Manager: stop: Stopping web application at '/JSF'
10/06/2021 09:45:47 org.apache.catalina.core.ApplicationContext log
INFO: Manager: start: Starting web application at '/JSF'
10/06/2021 09:46:20 org.apache.catalina.core.ApplicationContext log
INFO: Manager: list: Listing contexts for virtual host 'localhost'
10/06/2021 09:46:20 org.apache.catalina.core.ApplicationContext log
INFO: Manager: stop: Stopping web application at '/JSF'
10/06/2021 09:46:20 org.apache.catalina.core.ApplicationContext log
INFO: Manager: start: Starting web application at '/JSF'
10/06/2021 09:46:56 org.apache.catalina.core.ApplicationContext log
INFO: Manager: list: Listing contexts for virtual host 'localhost'
10/06/2021 09:46:56 org.apache.catalina.core.ApplicationContext log
INFO: Manager: list: Listing contexts for virtual host 'localhost'
10/06/2021 09:46:56 org.apache.catalina.core.ApplicationContext log
INFO: Manager: stop: Stopping web application at '/JSF'
10/06/2021 09:46:56 org.apache.catalina.core.ApplicationContext log
INFO: Manager: start: Starting web application at '/JSF'
10/06/2021 09:50:12 org.apache.catalina.core.ApplicationContext log
INFO: Manager: list: Listing contexts for virtual host 'localhost'
10/06/2021 09:50:12 org.apache.catalina.core.ApplicationContext log
INFO: Manager: stop: Stopping web application at '/JSF'
10/06/2021 09:50:12 org.apache.catalina.core.ApplicationContext log
INFO: Manager: start: Starting web application at '/JSF'
10/06/2021 09:50:18 org.apache.catalina.core.ApplicationContext log
INFO: Manager: list: Listing contexts for virtual host 'localhost'
10/06/2021 09:50:18 org.apache.catalina.core.ApplicationContext log
INFO: Manager: list: Listing contexts for virtual host 'localhost'
10/06/2021 09:50:18 org.apache.catalina.core.ApplicationContext log
INFO: Manager: stop: Stopping web application at '/JSF'
10/06/2021 09:50:18 org.apache.catalina.core.ApplicationContext log
INFO: Manager: start: Starting web application at '/JSF'
10/06/2021 09:51:37 org.apache.catalina.core.ApplicationContext log
INFO: Manager: list: Listing contexts for virtual host 'localhost'
10/06/2021 09:51:37 org.apache.catalina.core.ApplicationContext log
INFO: Manager: stop: Stopping web application at '/JSF'
10/06/2021 09:51:38 org.apache.catalina.core.ApplicationContext log
INFO: Manager: start: Starting web application at '/JSF'
10/06/2021 09:51:41 org.apache.catalina.core.ApplicationContext log
INFO: Manager: list: Listing contexts for virtual host 'localhost'
10/06/2021 09:51:41 org.apache.catalina.core.ApplicationContext log
INFO: Manager: list: Listing contexts for virtual host 'localhost'
10/06/2021 09:51:41 org.apache.catalina.core.ApplicationContext log
INFO: Manager: stop: Stopping web application at '/JSF'
10/06/2021 09:51:41 org.apache.catalina.core.ApplicationContext log
INFO: Manager: start: Starting web application at '/JSF'
10/06/2021 10:02:24 org.apache.catalina.core.ApplicationContext log
INFO: Manager: list: Listing contexts for virtual host 'localhost'
10/06/2021 10:02:24 org.apache.catalina.core.ApplicationContext log
INFO: Manager: stop: Stopping web application at '/JSF'
10/06/2021 10:02:24 org.apache.catalina.core.ApplicationContext log
INFO: Manager: start: Starting web application at '/JSF'
10/06/2021 10:02:33 org.apache.catalina.core.ApplicationContext log
INFO: Manager: list: Listing contexts for virtual host 'localhost'
10/06/2021 10:02:33 org.apache.catalina.core.ApplicationContext log
INFO: Manager: list: Listing contexts for virtual host 'localhost'
10/06/2021 10:02:33 org.apache.catalina.core.ApplicationContext log
INFO: Manager: stop: Stopping web application at '/JSF'
10/06/2021 10:02:33 org.apache.catalina.core.ApplicationContext log
INFO: Manager: start: Starting web application at '/JSF'
10/06/2021 10:02:59 org.apache.catalina.core.ApplicationContext log
INFO: Manager: list: Listing contexts for virtual host 'localhost'
10/06/2021 10:02:59 org.apache.catalina.core.ApplicationContext log
INFO: Manager: list: Listing contexts for virtual host 'localhost'
10/06/2021 10:03:10 org.apache.catalina.core.ApplicationContext log
INFO: Manager: list: Listing contexts for virtual host 'localhost'
10/06/2021 10:03:10 org.apache.catalina.core.ApplicationContext log
INFO: Manager: stop: Stopping web application at '/JSF'
10/06/2021 10:03:11 org.apache.catalina.core.ApplicationContext log
INFO: Manager: start: Starting web application at '/JSF'
10/06/2021 10:03:13 org.apache.catalina.core.ApplicationContext log
INFO: Manager: list: Listing contexts for virtual host 'localhost'
10/06/2021 10:03:13 org.apache.catalina.core.ApplicationContext log
INFO: Manager: list: Listing contexts for virtual host 'localhost'
10/06/2021 10:03:13 org.apache.catalina.core.ApplicationContext log
INFO: Manager: stop: Stopping web application at '/JSF'
10/06/2021 10:03:14 org.apache.catalina.core.ApplicationContext log
INFO: Manager: start: Starting web application at '/JSF'
10/06/2021 10:04:19 org.apache.catalina.core.ApplicationContext log
INFO: Manager: list: Listing contexts for virtual host 'localhost'
10/06/2021 10:04:19 org.apache.catalina.core.ApplicationContext log
INFO: Manager: list: Listing contexts for virtual host 'localhost'
10/06/2021 10:05:45 org.apache.catalina.core.ApplicationContext log
INFO: Manager: list: Listing contexts for virtual host 'localhost'
10/06/2021 10:05:45 org.apache.catalina.core.ApplicationContext log
INFO: Manager: list: Listing contexts for virtual host 'localhost'
10/06/2021 10:12:26 org.apache.catalina.core.ApplicationContext log
INFO: Manager: list: Listing contexts for virtual host 'localhost'
10/06/2021 10:12:26 org.apache.catalina.core.ApplicationContext log
INFO: Manager: stop: Stopping web application at '/JSF'
10/06/2021 10:12:27 org.apache.catalina.core.ApplicationContext log
INFO: Manager: start: Starting web application at '/JSF'
10/06/2021 10:12:29 org.apache.catalina.core.ApplicationContext log
INFO: Manager: list: Listing contexts for virtual host 'localhost'
10/06/2021 10:12:29 org.apache.catalina.core.ApplicationContext log
INFO: Manager: list: Listing contexts for virtual host 'localhost'
10/06/2021 10:12:29 org.apache.catalina.core.ApplicationContext log
INFO: Manager: stop: Stopping web application at '/JSF'
10/06/2021 10:12:29 org.apache.catalina.core.ApplicationContext log
INFO: Manager: start: Starting web application at '/JSF'
10/06/2021 10:12:47 org.apache.catalina.core.ApplicationContext log
INFO: Manager: list: Listing contexts for virtual host 'localhost'
10/06/2021 10:12:47 org.apache.catalina.core.ApplicationContext log
INFO: Manager: list: Listing contexts for virtual host 'localhost'
10/06/2021 10:13:17 org.apache.catalina.core.ApplicationContext log
INFO: Manager: list: Listing contexts for virtual host 'localhost'
10/06/2021 10:13:17 org.apache.catalina.core.ApplicationContext log
INFO: Manager: stop: Stopping web application at '/JSF'
10/06/2021 10:13:18 org.apache.catalina.core.ApplicationContext log
INFO: Manager: start: Starting web application at '/JSF'
10/06/2021 10:13:42 org.apache.catalina.core.ApplicationContext log
INFO: Manager: list: Listing contexts for virtual host 'localhost'
10/06/2021 10:13:42 org.apache.catalina.core.ApplicationContext log
INFO: Manager: list: Listing contexts for virtual host 'localhost'
10/06/2021 10:13:42 org.apache.catalina.core.ApplicationContext log
INFO: Manager: stop: Stopping web application at '/JSF'
10/06/2021 10:13:43 org.apache.catalina.core.ApplicationContext log
INFO: Manager: start: Starting web application at '/JSF'
10/06/2021 10:14:07 org.apache.catalina.core.ApplicationContext log
INFO: Manager: init: Associated with Deployer 'Catalina:type=Deployer,host=localhost'
10/06/2021 10:14:07 org.apache.catalina.core.ApplicationContext log
INFO: Manager: init: Global resources are available
10/06/2021 10:14:07 org.apache.catalina.core.ApplicationContext log
INFO: Manager: list: Listing contexts for virtual host 'localhost'
10/06/2021 10:14:07 org.apache.catalina.core.ApplicationContext log
INFO: Manager: list: Listing contexts for virtual host 'localhost'
10/06/2021 10:14:28 org.apache.catalina.core.ApplicationContext log
INFO: Manager: list: Listing contexts for virtual host 'localhost'
10/06/2021 10:14:28 org.apache.catalina.core.ApplicationContext log
INFO: Manager: stop: Stopping web application at '/JSF'
10/06/2021 10:14:28 org.apache.catalina.core.ApplicationContext log
INFO: Manager: start: Starting web application at '/JSF'
10/06/2021 10:14:38 org.apache.catalina.core.ApplicationContext log
INFO: Manager: list: Listing contexts for virtual host 'localhost'
10/06/2021 10:14:38 org.apache.catalina.core.ApplicationContext log
INFO: Manager: list: Listing contexts for virtual host 'localhost'
10/06/2021 10:14:38 org.apache.catalina.core.ApplicationContext log
INFO: Manager: stop: Stopping web application at '/JSF'
10/06/2021 10:14:39 org.apache.catalina.core.ApplicationContext log
INFO: Manager: start: Starting web application at '/JSF'
10/06/2021 10:15:04 org.apache.catalina.core.ApplicationContext log
INFO: Manager: list: Listing contexts for virtual host 'localhost'
10/06/2021 10:15:04 org.apache.catalina.core.ApplicationContext log
INFO: Manager: stop: Stopping web application at '/JSF'
10/06/2021 10:15:04 org.apache.catalina.core.ApplicationContext log
INFO: Manager: start: Starting web application at '/JSF'
10/06/2021 10:15:09 org.apache.catalina.core.ApplicationContext log
INFO: Manager: list: Listing contexts for virtual host 'localhost'
10/06/2021 10:15:09 org.apache.catalina.core.ApplicationContext log
INFO: Manager: list: Listing contexts for virtual host 'localhost'
10/06/2021 10:15:09 org.apache.catalina.core.ApplicationContext log
INFO: Manager: stop: Stopping web application at '/JSF'
10/06/2021 10:15:11 org.apache.catalina.core.ApplicationContext log
INFO: Manager: start: Starting web application at '/JSF'
10/06/2021 10:16:01 org.apache.catalina.core.ApplicationContext log
INFO: Manager: list: Listing contexts for virtual host 'localhost'
10/06/2021 10:16:01 org.apache.catalina.core.ApplicationContext log
INFO: Manager: stop: Stopping web application at '/JSF'
10/06/2021 10:16:02 org.apache.catalina.core.ApplicationContext log
INFO: Manager: start: Starting web application at '/JSF'
10/06/2021 10:16:20 org.apache.catalina.core.ApplicationContext log
INFO: Manager: list: Listing contexts for virtual host 'localhost'
10/06/2021 10:16:20 org.apache.catalina.core.ApplicationContext log
INFO: Manager: list: Listing contexts for virtual host 'localhost'
10/06/2021 10:16:20 org.apache.catalina.core.ApplicationContext log
INFO: Manager: stop: Stopping web application at '/JSF'
10/06/2021 10:16:20 org.apache.catalina.core.ApplicationContext log
INFO: Manager: start: Starting web application at '/JSF'
10/06/2021 10:16:32 org.apache.catalina.core.ApplicationContext log
INFO: Manager: list: Listing contexts for virtual host 'localhost'
10/06/2021 10:16:32 org.apache.catalina.core.ApplicationContext log
INFO: Manager: list: Listing contexts for virtual host 'localhost'
10/06/2021 10:16:44 org.apache.catalina.core.ApplicationContext log
INFO: Manager: list: Listing contexts for virtual host 'localhost'
10/06/2021 10:16:44 org.apache.catalina.core.ApplicationContext log
INFO: Manager: stop: Stopping web application at '/JSF'
10/06/2021 10:16:44 org.apache.catalina.core.ApplicationContext log
INFO: Manager: start: Starting web application at '/JSF'
10/06/2021 10:16:48 org.apache.catalina.core.ApplicationContext log
INFO: Manager: list: Listing contexts for virtual host 'localhost'
10/06/2021 10:16:48 org.apache.catalina.core.ApplicationContext log
INFO: Manager: list: Listing contexts for virtual host 'localhost'
10/06/2021 10:16:48 org.apache.catalina.core.ApplicationContext log
INFO: Manager: stop: Stopping web application at '/JSF'
10/06/2021 10:16:48 org.apache.catalina.core.ApplicationContext log
INFO: Manager: start: Starting web application at '/JSF'
10/06/2021 10:16:57 org.apache.catalina.core.ApplicationContext log
INFO: Manager: list: Listing contexts for virtual host 'localhost'
10/06/2021 10:16:57 org.apache.catalina.core.ApplicationContext log
INFO: Manager: list: Listing contexts for virtual host 'localhost'
10/06/2021 10:16:57 org.apache.catalina.core.ApplicationContext log
INFO: Manager: undeploy: Undeploying web application at '/JSF'
10/06/2021 10:16:58 org.apache.catalina.core.ApplicationContext log
INFO: Manager: install: Installing context configuration at 'file:/C:/Users/SEC~1.OBR/AppData/Local/Temp/context2676579891810115002.xml'
10/06/2021 10:16:58 org.apache.catalina.core.ApplicationContext log
INFO: Manager: list: Listing contexts for virtual host 'localhost'
10/06/2021 10:16:59 org.apache.catalina.core.ApplicationContext log
INFO: Manager: list: Listing contexts for virtual host 'localhost'
10/06/2021 10:16:59 org.apache.catalina.core.ApplicationContext log
INFO: Manager: start: Starting web application at '/JSF'
10/06/2021 10:16:59 org.apache.catalina.core.ApplicationContext log
INFO: Manager: stop: Stopping web application at '/JSF'
10/06/2021 10:16:59 org.apache.catalina.core.ApplicationContext log
INFO: Manager: start: Starting web application at '/JSF'
10/06/2021 10:17:16 org.apache.catalina.core.ApplicationContext log
INFO: Manager: list: Listing contexts for virtual host 'localhost'
10/06/2021 10:17:16 org.apache.catalina.core.ApplicationContext log
INFO: Manager: stop: Stopping web application at '/JSF'
10/06/2021 10:17:16 org.apache.catalina.core.ApplicationContext log
INFO: Manager: start: Starting web application at '/JSF'
10/06/2021 10:17:20 org.apache.catalina.core.ApplicationContext log
INFO: Manager: list: Listing contexts for virtual host 'localhost'
10/06/2021 10:17:20 org.apache.catalina.core.ApplicationContext log
INFO: Manager: list: Listing contexts for virtual host 'localhost'
10/06/2021 10:17:20 org.apache.catalina.core.ApplicationContext log
INFO: Manager: stop: Stopping web application at '/JSF'
10/06/2021 10:17:20 org.apache.catalina.core.ApplicationContext log
INFO: Manager: start: Starting web application at '/JSF'
10/06/2021 10:17:34 org.apache.catalina.core.ApplicationContext log
INFO: Manager: list: Listing contexts for virtual host 'localhost'
10/06/2021 10:17:34 org.apache.catalina.core.ApplicationContext log
INFO: Manager: list: Listing contexts for virtual host 'localhost'
10/06/2021 10:17:34 org.apache.catalina.core.ApplicationContext log
INFO: Manager: undeploy: Undeploying web application at '/JSF'
10/06/2021 10:17:34 org.apache.catalina.core.ApplicationContext log
INFO: Manager: install: Installing context configuration at 'file:/C:/Users/SEC~1.OBR/AppData/Local/Temp/context5589155983357624112.xml'
10/06/2021 10:17:35 org.apache.catalina.core.ApplicationContext log
INFO: Manager: start: Starting web application at '/JSF'
10/06/2021 10:17:36 org.apache.catalina.core.ApplicationContext log
INFO: Manager: list: Listing contexts for virtual host 'localhost'
10/06/2021 10:17:36 org.apache.catalina.core.ApplicationContext log
INFO: Manager: list: Listing contexts for virtual host 'localhost'
10/06/2021 10:17:36 org.apache.catalina.core.ApplicationContext log
INFO: Manager: stop: Stopping web application at '/JSF'
10/06/2021 10:17:37 org.apache.catalina.core.ApplicationContext log
INFO: Manager: start: Starting web application at '/JSF'
10/06/2021 10:18:48 org.apache.catalina.core.ApplicationContext log
INFO: Manager: list: Listing contexts for virtual host 'localhost'
10/06/2021 10:18:48 org.apache.catalina.core.ApplicationContext log
INFO: Manager: stop: Stopping web application at '/JSF'
10/06/2021 10:18:48 org.apache.catalina.core.ApplicationContext log
INFO: Manager: start: Starting web application at '/JSF'
10/06/2021 10:18:54 org.apache.catalina.core.ApplicationContext log
INFO: Manager: list: Listing contexts for virtual host 'localhost'
10/06/2021 10:18:54 org.apache.catalina.core.ApplicationContext log
INFO: Manager: list: Listing contexts for virtual host 'localhost'
10/06/2021 10:18:54 org.apache.catalina.core.ApplicationContext log
INFO: Manager: stop: Stopping web application at '/JSF'
10/06/2021 10:18:54 org.apache.catalina.core.ApplicationContext log
INFO: Manager: start: Starting web application at '/JSF'
10/06/2021 10:20:03 org.apache.catalina.core.ApplicationContext log
INFO: Manager: list: Listing contexts for virtual host 'localhost'
10/06/2021 10:20:03 org.apache.catalina.core.ApplicationContext log
INFO: Manager: list: Listing contexts for virtual host 'localhost'
10/06/2021 10:23:02 org.apache.catalina.core.ApplicationContext log
INFO: Manager: list: Listing contexts for virtual host 'localhost'
10/06/2021 10:23:02 org.apache.catalina.core.ApplicationContext log
INFO: Manager: stop: Stopping web application at '/JSF'
10/06/2021 10:23:03 org.apache.catalina.core.ApplicationContext log
INFO: Manager: start: Starting web application at '/JSF'
10/06/2021 10:23:08 org.apache.catalina.core.ApplicationContext log
INFO: Manager: list: Listing contexts for virtual host 'localhost'
10/06/2021 10:23:08 org.apache.catalina.core.ApplicationContext log
INFO: Manager: list: Listing contexts for virtual host 'localhost'
10/06/2021 10:23:08 org.apache.catalina.core.ApplicationContext log
INFO: Manager: stop: Stopping web application at '/JSF'
10/06/2021 10:23:08 org.apache.catalina.core.ApplicationContext log
INFO: Manager: start: Starting web application at '/JSF'
10/06/2021 10:23:21 org.apache.catalina.core.ApplicationContext log
INFO: Manager: list: Listing contexts for virtual host 'localhost'
10/06/2021 10:23:21 org.apache.catalina.core.ApplicationContext log
INFO: Manager: list: Listing contexts for virtual host 'localhost'
10/06/2021 10:27:56 org.apache.catalina.core.ApplicationContext log
INFO: Manager: list: Listing contexts for virtual host 'localhost'
10/06/2021 10:28:33 org.apache.catalina.core.ApplicationContext log
INFO: Manager: list: Listing contexts for virtual host 'localhost'
10/06/2021 10:29:54 org.apache.catalina.core.ApplicationContext log
INFO: Manager: list: Listing contexts for virtual host 'localhost'
10/06/2021 10:30:00 org.apache.catalina.core.ApplicationContext log
INFO: Manager: list: Listing contexts for virtual host 'localhost'
10/06/2021 10:30:15 org.apache.catalina.core.ApplicationContext log
INFO: Manager: list: Listing contexts for virtual host 'localhost'
10/06/2021 10:30:15 org.apache.catalina.core.ApplicationContext log
INFO: Manager: list: Listing contexts for virtual host 'localhost'
10/06/2021 10:31:13 org.apache.catalina.core.ApplicationContext log
INFO: Manager: list: Listing contexts for virtual host 'localhost'
10/06/2021 10:36:04 org.apache.catalina.core.ApplicationContext log
INFO: Manager: list: Listing contexts for virtual host 'localhost'
10/06/2021 10:36:16 org.apache.catalina.core.ApplicationContext log
INFO: Manager: list: Listing contexts for virtual host 'localhost'
10/06/2021 10:36:27 org.apache.catalina.core.ApplicationContext log
INFO: Manager: list: Listing contexts for virtual host 'localhost'
10/06/2021 10:36:38 org.apache.catalina.core.ApplicationContext log
INFO: Manager: list: Listing contexts for virtual host 'localhost'
10/06/2021 10:37:00 org.apache.catalina.core.ApplicationContext log
INFO: Manager: list: Listing contexts for virtual host 'localhost'
10/06/2021 10:41:40 org.apache.catalina.core.ApplicationContext log
INFO: Manager: list: Listing contexts for virtual host 'localhost'
10/06/2021 10:41:40 org.apache.catalina.core.ApplicationContext log
INFO: Manager: restart: Reloading web application at '/JSF'
10/06/2021 10:41:51 org.apache.catalina.core.ApplicationContext log
INFO: Manager: list: Listing contexts for virtual host 'localhost'
10/06/2021 10:41:51 org.apache.catalina.core.ApplicationContext log
INFO: Manager: list: Listing contexts for virtual host 'localhost'
10/06/2021 10:41:51 org.apache.catalina.core.ApplicationContext log
INFO: Manager: restart: Reloading web application at '/JSF'
10/06/2021 10:42:25 org.apache.catalina.core.ApplicationContext log
INFO: Manager: list: Listing contexts for virtual host 'localhost'
10/06/2021 10:42:25 org.apache.catalina.core.ApplicationContext log
INFO: Manager: list: Listing contexts for virtual host 'localhost'
10/06/2021 10:43:07 org.apache.catalina.core.ApplicationContext log
INFO: Manager: list: Listing contexts for virtual host 'localhost'
10/06/2021 10:43:07 org.apache.catalina.core.ApplicationContext log
INFO: Manager: stop: Stopping web application at '/JSF'
10/06/2021 10:43:07 org.apache.catalina.core.ApplicationContext log
INFO: Manager: start: Starting web application at '/JSF'
10/06/2021 10:43:18 org.apache.catalina.core.ApplicationContext log
INFO: Manager: list: Listing contexts for virtual host 'localhost'
10/06/2021 10:43:18 org.apache.catalina.core.ApplicationContext log
INFO: Manager: list: Listing contexts for virtual host 'localhost'
10/06/2021 10:43:18 org.apache.catalina.core.ApplicationContext log
INFO: Manager: stop: Stopping web application at '/JSF'
10/06/2021 10:43:18 org.apache.catalina.core.ApplicationContext log
INFO: Manager: start: Starting web application at '/JSF'
10/06/2021 10:43:34 org.apache.catalina.core.ApplicationContext log
INFO: Manager: list: Listing contexts for virtual host 'localhost'
10/06/2021 10:43:34 org.apache.catalina.core.ApplicationContext log
INFO: Manager: stop: Stopping web application at '/JSF'
10/06/2021 10:43:34 org.apache.catalina.core.ApplicationContext log
INFO: Manager: start: Starting web application at '/JSF'
10/06/2021 10:43:43 org.apache.catalina.core.ApplicationContext log
INFO: Manager: list: Listing contexts for virtual host 'localhost'
10/06/2021 10:43:43 org.apache.catalina.core.ApplicationContext log
INFO: Manager: list: Listing contexts for virtual host 'localhost'
10/06/2021 10:43:43 org.apache.catalina.core.ApplicationContext log
INFO: Manager: stop: Stopping web application at '/JSF'
10/06/2021 10:43:43 org.apache.catalina.core.ApplicationContext log
INFO: Manager: start: Starting web application at '/JSF'
10/06/2021 10:44:09 org.apache.catalina.core.ApplicationContext log
INFO: Manager: list: Listing contexts for virtual host 'localhost'
10/06/2021 10:44:10 org.apache.catalina.core.ApplicationContext log
INFO: Manager: stop: Stopping web application at '/JSF'
10/06/2021 10:44:10 org.apache.catalina.core.ApplicationContext log
INFO: Manager: start: Starting web application at '/JSF'
10/06/2021 10:44:15 org.apache.catalina.core.ApplicationContext log
INFO: Manager: list: Listing contexts for virtual host 'localhost'
10/06/2021 10:44:15 org.apache.catalina.core.ApplicationContext log
INFO: Manager: list: Listing contexts for virtual host 'localhost'
10/06/2021 10:44:15 org.apache.catalina.core.ApplicationContext log
INFO: Manager: stop: Stopping web application at '/JSF'
10/06/2021 10:44:16 org.apache.catalina.core.ApplicationContext log
INFO: Manager: start: Starting web application at '/JSF'
10/06/2021 10:44:58 org.apache.catalina.core.ApplicationContext log
INFO: Manager: init: Associated with Deployer 'Catalina:type=Deployer,host=localhost'
10/06/2021 10:44:58 org.apache.catalina.core.ApplicationContext log
INFO: Manager: init: Global resources are available
10/06/2021 10:44:58 org.apache.catalina.core.ApplicationContext log
INFO: Manager: list: Listing contexts for virtual host 'localhost'
10/06/2021 10:44:58 org.apache.catalina.core.ApplicationContext log
INFO: Manager: list: Listing contexts for virtual host 'localhost'
10/06/2021 10:48:03 org.apache.catalina.core.ApplicationContext log
INFO: Manager: list: Listing contexts for virtual host 'localhost'
10/06/2021 10:48:03 org.apache.catalina.core.ApplicationContext log
INFO: Manager: restart: Reloading web application at '/JSF'
10/06/2021 10:49:43 org.apache.catalina.core.ApplicationContext log
INFO: Manager: init: Associated with Deployer 'Catalina:type=Deployer,host=localhost'
10/06/2021 10:49:43 org.apache.catalina.core.ApplicationContext log
INFO: Manager: init: Global resources are available
10/06/2021 10:49:43 org.apache.catalina.core.ApplicationContext log
INFO: Manager: list: Listing contexts for virtual host 'localhost'
10/06/2021 10:49:43 org.apache.catalina.core.ApplicationContext log
INFO: Manager: list: Listing contexts for virtual host 'localhost'
10/06/2021 10:49:43 org.apache.catalina.core.ApplicationContext log
INFO: Manager: restart: Reloading web application at '/JSF'
10/06/2021 10:50:29 org.apache.catalina.core.ApplicationContext log
INFO: Manager: list: Listing contexts for virtual host 'localhost'
10/06/2021 10:50:29 org.apache.catalina.core.ApplicationContext log
INFO: Manager: restart: Reloading web application at '/JSF'
10/06/2021 10:51:42 org.apache.catalina.core.ApplicationContext log
INFO: Manager: init: Associated with Deployer 'Catalina:type=Deployer,host=localhost'
10/06/2021 10:51:42 org.apache.catalina.core.ApplicationContext log
INFO: Manager: init: Global resources are available
10/06/2021 10:51:42 org.apache.catalina.core.ApplicationContext log
INFO: Manager: list: Listing contexts for virtual host 'localhost'
10/06/2021 10:51:42 org.apache.catalina.core.ApplicationContext log
INFO: Manager: list: Listing contexts for virtual host 'localhost'
10/06/2021 10:51:42 org.apache.catalina.core.ApplicationContext log
INFO: Manager: stop: Stopping web application at '/JSF'
10/06/2021 10:51:42 org.apache.catalina.core.ApplicationContext log
INFO: Manager: start: Starting web application at '/JSF'
10/06/2021 10:52:02 org.apache.catalina.core.ApplicationContext log
INFO: Manager: list: Listing contexts for virtual host 'localhost'
10/06/2021 10:52:02 org.apache.catalina.core.ApplicationContext log
INFO: Manager: stop: Stopping web application at '/JSF'
10/06/2021 10:52:03 org.apache.catalina.core.ApplicationContext log
INFO: Manager: start: Starting web application at '/JSF'
10/06/2021 10:52:13 org.apache.catalina.core.ApplicationContext log
INFO: Manager: list: Listing contexts for virtual host 'localhost'
10/06/2021 10:52:13 org.apache.catalina.core.ApplicationContext log
INFO: Manager: stop: Stopping web application at '/JSF'
10/06/2021 10:52:14 org.apache.catalina.core.ApplicationContext log
INFO: Manager: start: Starting web application at '/JSF'
10/06/2021 10:52:40 org.apache.catalina.core.ApplicationContext log
INFO: Manager: list: Listing contexts for virtual host 'localhost'
10/06/2021 10:52:40 org.apache.catalina.core.ApplicationContext log
INFO: Manager: list: Listing contexts for virtual host 'localhost'
10/06/2021 10:52:40 org.apache.catalina.core.ApplicationContext log
INFO: Manager: stop: Stopping web application at '/JSF'
10/06/2021 10:52:40 org.apache.catalina.core.ApplicationContext log
INFO: Manager: start: Starting web application at '/JSF'
10/06/2021 10:56:58 org.apache.catalina.core.ApplicationContext log
INFO: Manager: list: Listing contexts for virtual host 'localhost'
10/06/2021 10:56:58 org.apache.catalina.core.ApplicationContext log
INFO: Manager: stop: Stopping web application at '/JSF'
10/06/2021 10:56:59 org.apache.catalina.core.ApplicationContext log
INFO: Manager: start: Starting web application at '/JSF'
10/06/2021 10:57:03 org.apache.catalina.core.ApplicationContext log
INFO: Manager: list: Listing contexts for virtual host 'localhost'
10/06/2021 10:57:03 org.apache.catalina.core.ApplicationContext log
INFO: Manager: list: Listing contexts for virtual host 'localhost'
10/06/2021 10:57:03 org.apache.catalina.core.ApplicationContext log
INFO: Manager: stop: Stopping web application at '/JSF'
10/06/2021 10:57:03 org.apache.catalina.core.ApplicationContext log
INFO: Manager: start: Starting web application at '/JSF'
10/06/2021 10:58:09 org.apache.catalina.core.ApplicationContext log
INFO: Manager: list: Listing contexts for virtual host 'localhost'
10/06/2021 10:58:09 org.apache.catalina.core.ApplicationContext log
INFO: Manager: stop: Stopping web application at '/JSF'
10/06/2021 10:58:10 org.apache.catalina.core.ApplicationContext log
INFO: Manager: start: Starting web application at '/JSF'
10/06/2021 11:00:12 org.apache.catalina.core.ApplicationContext log
INFO: Manager: list: Listing contexts for virtual host 'localhost'
10/06/2021 11:00:12 org.apache.catalina.core.ApplicationContext log
INFO: Manager: restart: Reloading web application at '/JSF'
10/06/2021 11:00:42 org.apache.catalina.core.ApplicationContext log
INFO: Manager: init: Associated with Deployer 'Catalina:type=Deployer,host=localhost'
10/06/2021 11:00:42 org.apache.catalina.core.ApplicationContext log
INFO: Manager: init: Global resources are available
10/06/2021 11:00:42 org.apache.catalina.core.ApplicationContext log
INFO: Manager: list: Listing contexts for virtual host 'localhost'
10/06/2021 11:00:42 org.apache.catalina.core.ApplicationContext log
INFO: Manager: list: Listing contexts for virtual host 'localhost'
10/06/2021 11:00:42 org.apache.catalina.core.ApplicationContext log
INFO: Manager: undeploy: Undeploying web application at '/JSF'
10/06/2021 11:00:42 org.apache.catalina.core.ApplicationContext log
INFO: Manager: install: Installing context configuration at 'file:/C:/Users/SEC~1.OBR/AppData/Local/Temp/context3241507931598903991.xml'
10/06/2021 11:03:38 org.apache.catalina.core.ApplicationContext log
INFO: Manager: list: Listing contexts for virtual host 'localhost'
10/06/2021 11:03:38 org.apache.catalina.core.ApplicationContext log
INFO: Manager: stop: Stopping web application at '/JSF'
10/06/2021 11:03:38 org.apache.catalina.core.ApplicationContext log
INFO: Manager: start: Starting web application at '/JSF'
10/06/2021 11:03:43 org.apache.catalina.core.ApplicationContext log
INFO: Manager: list: Listing contexts for virtual host 'localhost'
10/06/2021 11:03:43 org.apache.catalina.core.ApplicationContext log
INFO: Manager: list: Listing contexts for virtual host 'localhost'
10/06/2021 11:03:43 org.apache.catalina.core.ApplicationContext log
INFO: Manager: stop: Stopping web application at '/JSF'
10/06/2021 11:03:44 org.apache.catalina.core.ApplicationContext log
INFO: Manager: start: Starting web application at '/JSF'
10/06/2021 11:04:00 org.apache.catalina.core.ApplicationContext log
INFO: Manager: list: Listing contexts for virtual host 'localhost'
10/06/2021 11:04:00 org.apache.catalina.core.ApplicationContext log
INFO: Manager: stop: Stopping web application at '/JSF'
10/06/2021 11:04:00 org.apache.catalina.core.ApplicationContext log
INFO: Manager: start: Starting web application at '/JSF'
10/06/2021 11:04:26 org.apache.catalina.core.ApplicationContext log
INFO: Manager: list: Listing contexts for virtual host 'localhost'
10/06/2021 11:04:27 org.apache.catalina.core.ApplicationContext log
INFO: Manager: stop: Stopping web application at '/JSF'
10/06/2021 11:04:27 org.apache.catalina.core.ApplicationContext log
INFO: Manager: start: Starting web application at '/JSF'
10/06/2021 11:04:41 org.apache.catalina.core.ApplicationContext log
INFO: Manager: list: Listing contexts for virtual host 'localhost'
10/06/2021 11:04:41 org.apache.catalina.core.ApplicationContext log
INFO: Manager: stop: Stopping web application at '/JSF'
10/06/2021 11:04:41 org.apache.catalina.core.ApplicationContext log
INFO: Manager: start: Starting web application at '/JSF'
10/06/2021 11:04:54 org.apache.catalina.core.ApplicationContext log
INFO: Manager: list: Listing contexts for virtual host 'localhost'
10/06/2021 11:04:54 org.apache.catalina.core.ApplicationContext log
INFO: Manager: stop: Stopping web application at '/JSF'
10/06/2021 11:04:54 org.apache.catalina.core.ApplicationContext log
INFO: Manager: start: Starting web application at '/JSF'
10/06/2021 11:06:16 org.apache.catalina.core.ApplicationContext log
INFO: Manager: list: Listing contexts for virtual host 'localhost'
10/06/2021 11:06:16 org.apache.catalina.core.ApplicationContext log
INFO: Manager: stop: Stopping web application at '/JSF'
10/06/2021 11:06:16 org.apache.catalina.core.ApplicationContext log
INFO: Manager: start: Starting web application at '/JSF'
10/06/2021 11:07:56 org.apache.catalina.core.ApplicationContext log
INFO: Manager: list: Listing contexts for virtual host 'localhost'
10/06/2021 11:07:56 org.apache.catalina.core.ApplicationContext log
INFO: Manager: list: Listing contexts for virtual host 'localhost'
10/06/2021 11:07:56 org.apache.catalina.core.ApplicationContext log
INFO: Manager: stop: Stopping web application at '/JSF'
10/06/2021 11:07:56 org.apache.catalina.core.ApplicationContext log
INFO: Manager: start: Starting web application at '/JSF'
10/06/2021 11:10:08 org.apache.catalina.core.ApplicationContext log
INFO: Manager: list: Listing contexts for virtual host 'localhost'
10/06/2021 11:10:09 org.apache.catalina.core.ApplicationContext log
INFO: Manager: list: Listing contexts for virtual host 'localhost'
10/06/2021 11:10:09 org.apache.catalina.core.ApplicationContext log
INFO: Manager: list: Listing contexts for virtual host 'localhost'
10/06/2021 11:10:47 org.apache.catalina.core.ApplicationContext log
INFO: Manager: list: Listing contexts for virtual host 'localhost'
10/06/2021 11:10:47 org.apache.catalina.core.ApplicationContext log
INFO: Manager: stop: Stopping web application at '/JSF'
10/06/2021 11:10:47 org.apache.catalina.core.ApplicationContext log
INFO: Manager: start: Starting web application at '/JSF'
10/06/2021 11:11:03 org.apache.catalina.core.ApplicationContext log
INFO: Manager: list: Listing contexts for virtual host 'localhost'
10/06/2021 11:11:03 org.apache.catalina.core.ApplicationContext log
INFO: Manager: list: Listing contexts for virtual host 'localhost'
10/06/2021 11:11:03 org.apache.catalina.core.ApplicationContext log
INFO: Manager: stop: Stopping web application at '/JSF'
10/06/2021 11:11:03 org.apache.catalina.core.ApplicationContext log
INFO: Manager: start: Starting web application at '/JSF'
10/06/2021 11:11:29 org.apache.catalina.core.ApplicationContext log
INFO: Manager: list: Listing contexts for virtual host 'localhost'
10/06/2021 11:11:29 org.apache.catalina.core.ApplicationContext log
INFO: Manager: stop: Stopping web application at '/JSF'
10/06/2021 11:11:30 org.apache.catalina.core.ApplicationContext log
INFO: Manager: start: Starting web application at '/JSF'
10/06/2021 11:12:01 org.apache.catalina.core.ApplicationContext log
INFO: Manager: list: Listing contexts for virtual host 'localhost'
10/06/2021 11:12:01 org.apache.catalina.core.ApplicationContext log
INFO: Manager: stop: Stopping web application at '/JSF'
10/06/2021 11:12:02 org.apache.catalina.core.ApplicationContext log
INFO: Manager: start: Starting web application at '/JSF'
10/06/2021 11:12:27 org.apache.catalina.core.ApplicationContext log
INFO: Manager: list: Listing contexts for virtual host 'localhost'
10/06/2021 11:12:27 org.apache.catalina.core.ApplicationContext log
INFO: Manager: list: Listing contexts for virtual host 'localhost'
10/06/2021 11:12:27 org.apache.catalina.core.ApplicationContext log
INFO: Manager: undeploy: Undeploying web application at '/JSF'
10/06/2021 11:12:28 org.apache.catalina.core.ApplicationContext log
INFO: Manager: install: Installing context configuration at 'file:/C:/Users/SEC~1.OBR/AppData/Local/Temp/context2203560898659355068.xml'
10/06/2021 11:12:28 org.apache.catalina.core.ApplicationContext log
INFO: Manager: start: Starting web application at '/JSF'
10/06/2021 11:16:40 org.apache.catalina.core.ApplicationContext log
INFO: Manager: init: Associated with Deployer 'Catalina:type=Deployer,host=localhost'
10/06/2021 11:16:40 org.apache.catalina.core.ApplicationContext log
INFO: Manager: init: Global resources are available
10/06/2021 11:16:40 org.apache.catalina.core.ApplicationContext log
INFO: Manager: list: Listing contexts for virtual host 'localhost'
10/06/2021 11:16:40 org.apache.catalina.core.ApplicationContext log
INFO: Manager: list: Listing contexts for virtual host 'localhost'
10/06/2021 11:16:40 org.apache.catalina.core.ApplicationContext log
INFO: Manager: stop: Stopping web application at '/JSF'
10/06/2021 11:16:40 org.apache.catalina.core.ApplicationContext log
INFO: Manager: start: Starting web application at '/JSF'
10/06/2021 11:18:58 org.apache.catalina.core.ApplicationContext log
INFO: Manager: list: Listing contexts for virtual host 'localhost'
10/06/2021 11:18:58 org.apache.catalina.core.ApplicationContext log
INFO: Manager: stop: Stopping web application at '/JSF'
10/06/2021 11:18:58 org.apache.catalina.core.ApplicationContext log
INFO: Manager: start: Starting web application at '/JSF'
10/06/2021 11:19:36 org.apache.catalina.core.ApplicationContext log
INFO: Manager: list: Listing contexts for virtual host 'localhost'
10/06/2021 11:19:36 org.apache.catalina.core.ApplicationContext log
INFO: Manager: stop: Stopping web application at '/JSF'
10/06/2021 11:19:36 org.apache.catalina.core.ApplicationContext log
INFO: Manager: start: Starting web application at '/JSF'
10/06/2021 11:20:03 org.apache.catalina.core.ApplicationContext log
INFO: Manager: list: Listing contexts for virtual host 'localhost'
10/06/2021 11:20:03 org.apache.catalina.core.ApplicationContext log
INFO: Manager: stop: Stopping web application at '/JSF'
10/06/2021 11:20:04 org.apache.catalina.core.ApplicationContext log
INFO: Manager: start: Starting web application at '/JSF'
10/06/2021 11:21:20 org.apache.catalina.core.ApplicationContext log
INFO: Manager: list: Listing contexts for virtual host 'localhost'
10/06/2021 11:21:20 org.apache.catalina.core.ApplicationContext log
INFO: Manager: stop: Stopping web application at '/JSF'
10/06/2021 11:21:20 org.apache.catalina.core.ApplicationContext log
INFO: Manager: start: Starting web application at '/JSF'
10/06/2021 11:21:21 org.apache.catalina.core.ApplicationContext log
INFO: Manager: list: Listing contexts for virtual host 'localhost'
10/06/2021 11:21:21 org.apache.catalina.core.ApplicationContext log
INFO: Manager: list: Listing contexts for virtual host 'localhost'
10/06/2021 11:21:21 org.apache.catalina.core.ApplicationContext log
INFO: Manager: stop: Stopping web application at '/JSF'
10/06/2021 11:21:21 org.apache.catalina.core.ApplicationContext log
INFO: Manager: start: Starting web application at '/JSF'
10/06/2021 11:21:25 org.apache.catalina.core.ApplicationContext log
INFO: Manager: list: Listing contexts for virtual host 'localhost'
10/06/2021 11:21:25 org.apache.catalina.core.ApplicationContext log
INFO: Manager: undeploy: Undeploying web application at '/JSF'
10/06/2021 11:21:34 org.apache.catalina.core.ApplicationContext log
INFO: Manager: list: Listing contexts for virtual host 'localhost'
10/06/2021 11:21:34 org.apache.catalina.core.ApplicationContext log
INFO: Manager: list: Listing contexts for virtual host 'localhost'
10/06/2021 11:21:34 org.apache.catalina.core.ApplicationContext log
INFO: Manager: install: Installing context configuration at 'file:/C:/Users/SEC~1.OBR/AppData/Local/Temp/context3776315340712740102.xml'
10/06/2021 11:21:35 org.apache.catalina.core.ApplicationContext log
INFO: Manager: start: Starting web application at '/JSF'
10/06/2021 11:27:02 org.apache.catalina.core.ApplicationContext log
INFO: Manager: list: Listing contexts for virtual host 'localhost'
10/06/2021 11:27:02 org.apache.catalina.core.ApplicationContext log
INFO: Manager: stop: Stopping web application at '/JSF'
10/06/2021 11:27:02 org.apache.catalina.core.ApplicationContext log
INFO: Manager: start: Starting web application at '/JSF'
10/06/2021 11:27:08 org.apache.catalina.core.ApplicationContext log
INFO: Manager: list: Listing contexts for virtual host 'localhost'
10/06/2021 11:27:08 org.apache.catalina.core.ApplicationContext log
INFO: Manager: list: Listing contexts for virtual host 'localhost'
10/06/2021 11:27:08 org.apache.catalina.core.ApplicationContext log
INFO: Manager: stop: Stopping web application at '/JSF'
10/06/2021 11:27:09 org.apache.catalina.core.ApplicationContext log
INFO: Manager: start: Starting web application at '/JSF'
10/06/2021 11:29:14 org.apache.catalina.core.ApplicationContext log
INFO: Manager: list: Listing contexts for virtual host 'localhost'
10/06/2021 11:29:14 org.apache.catalina.core.ApplicationContext log
INFO: Manager: stop: Stopping web application at '/JSF'
10/06/2021 11:29:14 org.apache.catalina.core.ApplicationContext log
INFO: Manager: start: Starting web application at '/JSF'
10/06/2021 11:29:22 org.apache.catalina.core.ApplicationContext log
INFO: Manager: list: Listing contexts for virtual host 'localhost'
10/06/2021 11:29:22 org.apache.catalina.core.ApplicationContext log
INFO: Manager: stop: Stopping web application at '/JSF'
10/06/2021 11:29:22 org.apache.catalina.core.ApplicationContext log
INFO: Manager: start: Starting web application at '/JSF'
10/06/2021 11:29:42 org.apache.catalina.core.ApplicationContext log
INFO: Manager: list: Listing contexts for virtual host 'localhost'
10/06/2021 11:29:42 org.apache.catalina.core.ApplicationContext log
INFO: Manager: stop: Stopping web application at '/JSF'
10/06/2021 11:29:43 org.apache.catalina.core.ApplicationContext log
INFO: Manager: start: Starting web application at '/JSF'
10/06/2021 11:29:59 org.apache.catalina.core.ApplicationContext log
INFO: Manager: list: Listing contexts for virtual host 'localhost'
10/06/2021 11:29:59 org.apache.catalina.core.ApplicationContext log
INFO: Manager: stop: Stopping web application at '/JSF'
10/06/2021 11:30:00 org.apache.catalina.core.ApplicationContext log
INFO: Manager: start: Starting web application at '/JSF'
10/06/2021 11:32:43 org.apache.catalina.core.ApplicationContext log
INFO: Manager: list: Listing contexts for virtual host 'localhost'
10/06/2021 11:32:43 org.apache.catalina.core.ApplicationContext log
INFO: Manager: stop: Stopping web application at '/JSF'
10/06/2021 11:32:44 org.apache.catalina.core.ApplicationContext log
INFO: Manager: start: Starting web application at '/JSF'
10/06/2021 11:33:06 org.apache.catalina.core.ApplicationContext log
INFO: Manager: list: Listing contexts for virtual host 'localhost'
10/06/2021 11:33:06 org.apache.catalina.core.ApplicationContext log
INFO: Manager: list: Listing contexts for virtual host 'localhost'
10/06/2021 11:33:06 org.apache.catalina.core.ApplicationContext log
INFO: Manager: stop: Stopping web application at '/JSF'
10/06/2021 11:33:06 org.apache.catalina.core.ApplicationContext log
INFO: Manager: start: Starting web application at '/JSF'
10/06/2021 11:33:30 org.apache.catalina.core.ApplicationContext log
INFO: Manager: list: Listing contexts for virtual host 'localhost'
10/06/2021 11:33:30 org.apache.catalina.core.ApplicationContext log
INFO: Manager: stop: Stopping web application at '/JSF'
10/06/2021 11:33:30 org.apache.catalina.core.ApplicationContext log
INFO: Manager: start: Starting web application at '/JSF'
10/06/2021 11:33:51 org.apache.catalina.core.ApplicationContext log
INFO: Manager: list: Listing contexts for virtual host 'localhost'
10/06/2021 11:33:51 org.apache.catalina.core.ApplicationContext log
INFO: Manager: stop: Stopping web application at '/JSF'
10/06/2021 11:33:51 org.apache.catalina.core.ApplicationContext log
INFO: Manager: start: Starting web application at '/JSF'
10/06/2021 11:34:10 org.apache.catalina.core.ApplicationContext log
INFO: Manager: list: Listing contexts for virtual host 'localhost'
10/06/2021 11:34:10 org.apache.catalina.core.ApplicationContext log
INFO: Manager: stop: Stopping web application at '/JSF'
10/06/2021 11:34:10 org.apache.catalina.core.ApplicationContext log
INFO: Manager: start: Starting web application at '/JSF'
10/06/2021 11:34:27 org.apache.catalina.core.ApplicationContext log
INFO: Manager: list: Listing contexts for virtual host 'localhost'
10/06/2021 11:34:27 org.apache.catalina.core.ApplicationContext log
INFO: Manager: stop: Stopping web application at '/JSF'
10/06/2021 11:34:28 org.apache.catalina.core.ApplicationContext log
INFO: Manager: start: Starting web application at '/JSF'
10/06/2021 11:42:30 org.apache.catalina.core.ApplicationContext log
INFO: Manager: list: Listing contexts for virtual host 'localhost'
10/06/2021 11:42:30 org.apache.catalina.core.ApplicationContext log
INFO: Manager: stop: Stopping web application at '/JSF'
10/06/2021 11:42:30 org.apache.catalina.core.ApplicationContext log
INFO: Manager: start: Starting web application at '/JSF'
10/06/2021 11:42:38 org.apache.catalina.core.ApplicationContext log
INFO: Manager: list: Listing contexts for virtual host 'localhost'
10/06/2021 11:42:38 org.apache.catalina.core.ApplicationContext log
INFO: Manager: stop: Stopping web application at '/JSF'
10/06/2021 11:42:39 org.apache.catalina.core.ApplicationContext log
INFO: Manager: start: Starting web application at '/JSF'
10/06/2021 11:43:40 org.apache.catalina.core.ApplicationContext log
INFO: Manager: list: Listing contexts for virtual host 'localhost'
10/06/2021 11:43:40 org.apache.catalina.core.ApplicationContext log
INFO: Manager: stop: Stopping web application at '/JSF'
10/06/2021 11:43:40 org.apache.catalina.core.ApplicationContext log
INFO: Manager: start: Starting web application at '/JSF'
10/06/2021 13:31:15 org.apache.catalina.core.ApplicationContext log
INFO: Manager: list: Listing contexts for virtual host 'localhost'
10/06/2021 13:31:15 org.apache.catalina.core.ApplicationContext log
INFO: Manager: list: Listing contexts for virtual host 'localhost'
10/06/2021 13:31:15 org.apache.catalina.core.ApplicationContext log
INFO: Manager: stop: Stopping web application at '/JSF'
10/06/2021 13:31:17 org.apache.catalina.core.ApplicationContext log
INFO: Manager: start: Starting web application at '/JSF'
