14/06/2021 14:06:00 org.apache.catalina.core.ApplicationContext log
INFO: Manager: init: Associated with Deployer 'Catalina:type=Deployer,host=localhost'
14/06/2021 14:06:00 org.apache.catalina.core.ApplicationContext log
INFO: Manager: init: Global resources are available
14/06/2021 14:06:00 org.apache.catalina.core.ApplicationContext log
INFO: Manager: list: Listing contexts for virtual host 'localhost'
14/06/2021 14:06:00 org.apache.catalina.core.ApplicationContext log
INFO: Manager: list: Listing contexts for virtual host 'localhost'
14/06/2021 14:06:00 org.apache.catalina.core.ApplicationContext log
INFO: Manager: stop: Stopping web application at '/JSF'
14/06/2021 14:06:01 org.apache.catalina.core.ApplicationContext log
INFO: Manager: start: Starting web application at '/JSF'
14/06/2021 14:26:36 org.apache.catalina.core.ApplicationContext log
INFO: Manager: list: Listing contexts for virtual host 'localhost'
14/06/2021 14:26:36 org.apache.catalina.core.ApplicationContext log
INFO: Manager: restart: Reloading web application at '/JSF'
14/06/2021 14:30:01 org.apache.catalina.core.ApplicationContext log
INFO: Manager: list: Listing contexts for virtual host 'localhost'
14/06/2021 14:30:02 org.apache.catalina.core.ApplicationContext log
INFO: Manager: restart: Reloading web application at '/JSF'
14/06/2021 14:33:15 org.apache.catalina.core.ApplicationContext log
INFO: Manager: list: Listing contexts for virtual host 'localhost'
14/06/2021 14:33:15 org.apache.catalina.core.ApplicationContext log
INFO: Manager: restart: Reloading web application at '/JSF'
14/06/2021 14:37:16 org.apache.catalina.core.ApplicationContext log
INFO: Manager: list: Listing contexts for virtual host 'localhost'
14/06/2021 14:37:16 org.apache.catalina.core.ApplicationContext log
INFO: Manager: restart: Reloading web application at '/JSF'
14/06/2021 14:37:17 org.apache.catalina.core.ApplicationContext log
INFO: Manager: list: Listing contexts for virtual host 'localhost'
14/06/2021 14:37:17 org.apache.catalina.core.ApplicationContext log
INFO: Manager: restart: Reloading web application at '/JSF'
14/06/2021 14:40:05 org.apache.catalina.core.ApplicationContext log
INFO: Manager: list: Listing contexts for virtual host 'localhost'
14/06/2021 14:40:05 org.apache.catalina.core.ApplicationContext log
INFO: Manager: restart: Reloading web application at '/JSF'
14/06/2021 14:40:09 org.apache.catalina.core.ApplicationContext log
INFO: Manager: list: Listing contexts for virtual host 'localhost'
