09/06/2021 12:01:57 org.apache.catalina.core.ApplicationContext log
INFO: Manager: init: Associated with Deployer 'Catalina:type=Deployer,host=localhost'
09/06/2021 12:01:57 org.apache.catalina.core.ApplicationContext log
INFO: Manager: init: Global resources are available
09/06/2021 12:01:57 org.apache.catalina.core.ApplicationContext log
INFO: Manager: list: Listing contexts for virtual host 'localhost'
09/06/2021 12:01:57 org.apache.catalina.core.ApplicationContext log
INFO: Manager: list: Listing contexts for virtual host 'localhost'
09/06/2021 12:02:05 org.apache.catalina.core.ApplicationContext log
INFO: Manager: list: Listing contexts for virtual host 'localhost'
09/06/2021 12:02:05 org.apache.catalina.core.ApplicationContext log
INFO: Manager: list: Listing contexts for virtual host 'localhost'
09/06/2021 12:02:05 org.apache.catalina.core.ApplicationContext log
INFO: Manager: install: Installing context configuration at 'file:/C:/Users/SEC~1.OBR/AppData/Local/Temp/context2020930788664000425.xml'
09/06/2021 12:02:06 org.apache.catalina.core.ApplicationContext log
INFO: Manager: start: Starting web application at '/JSF'
09/06/2021 12:02:29 org.apache.catalina.core.ApplicationContext log
INFO: Manager: list: Listing contexts for virtual host 'localhost'
09/06/2021 12:04:08 org.apache.catalina.core.ApplicationContext log
INFO: Manager: list: Listing contexts for virtual host 'localhost'
09/06/2021 12:04:17 org.apache.catalina.core.ApplicationContext log
INFO: Manager: list: Listing contexts for virtual host 'localhost'
09/06/2021 12:04:40 org.apache.catalina.core.ApplicationContext log
INFO: Manager: list: Listing contexts for virtual host 'localhost'
09/06/2021 12:04:59 org.apache.catalina.core.ApplicationContext log
INFO: Manager: list: Listing contexts for virtual host 'localhost'
09/06/2021 12:05:14 org.apache.catalina.core.ApplicationContext log
INFO: Manager: list: Listing contexts for virtual host 'localhost'
09/06/2021 12:07:07 org.apache.catalina.core.ApplicationContext log
INFO: Manager: list: Listing contexts for virtual host 'localhost'
09/06/2021 12:07:07 org.apache.catalina.core.ApplicationContext log
INFO: Manager: list: Listing contexts for virtual host 'localhost'
09/06/2021 12:07:07 org.apache.catalina.core.ApplicationContext log
INFO: Manager: restart: Reloading web application at '/JSF'
09/06/2021 12:07:07 org.apache.catalina.core.ApplicationContext log
INFO: Manager: list: Listing contexts for virtual host 'localhost'
09/06/2021 12:07:08 org.apache.catalina.core.ApplicationContext log
INFO: Manager: restart: Reloading web application at '/JSF'
09/06/2021 12:39:00 org.apache.catalina.core.ApplicationContext log
INFO: Manager: list: Listing contexts for virtual host 'localhost'
09/06/2021 12:39:48 org.apache.catalina.core.ApplicationContext log
INFO: Manager: list: Listing contexts for virtual host 'localhost'
09/06/2021 12:40:49 org.apache.catalina.core.ApplicationContext log
INFO: Manager: list: Listing contexts for virtual host 'localhost'
09/06/2021 12:40:59 org.apache.catalina.core.ApplicationContext log
INFO: Manager: list: Listing contexts for virtual host 'localhost'
